Using pre-set license
Built from '2020.3/staging' branch; Version is '2020.3.19f1 (68f137dc9bbe) revision 6877495'; Using compiler version '192528614'; Build Type 'Release'
OS: 'Windows 10 Home; OS build 19042.1288; Version 2009; 64bit' Language: 'en' Physical Memory: 16235 MB
BatchMode: 1, IsHumanControllingUs: 0, StartBugReporterOnCrash: 0, Is64bit: 1, IsPro: 0

COMMAND LINE ARGUMENTS:
C:\Program Files\Unity\Hub\Editor\2020.3.19f1\Editor\Unity.exe
-adb2
-batchMode
-noUpm
-name
AssetImportWorker0
-projectPath
C:/Users/keith/Documents/GitHub/Game_Week06/GameWeek06
-logFile
Logs/AssetImportWorker0.log
-srvPort
56099
Successfully changed project path to: C:/Users/keith/Documents/GitHub/Game_Week06/GameWeek06
C:/Users/keith/Documents/GitHub/Game_Week06/GameWeek06
Using Asset Import Pipeline V2.
Refreshing native plugins compatible for Editor in 57.24 ms, found 2 plugins.
Preloading 0 native plugins for Editor in 0.00 ms.
Initialize engine version: 2020.3.19f1 (68f137dc9bbe)
[Subsystems] Discovering subsystems at path C:/Program Files/Unity/Hub/Editor/2020.3.19f1/Editor/Data/Resources/UnitySubsystems
[Subsystems] Discovering subsystems at path C:/Users/keith/Documents/GitHub/Game_Week06/GameWeek06/Assets
GfxDevice: creating device client; threaded=0
Direct3D:
    Version:  Direct3D 11.0 [level 11.1]
    Renderer: NVIDIA GeForce GTX 1650 (ID=0x1f91)
    Vendor:   
    VRAM:     3962 MB
    Driver:   27.21.14.6627
Initialize mono
Mono path[0] = 'C:/Program Files/Unity/Hub/Editor/2020.3.19f1/Editor/Data/Managed'
Mono path[1] = 'C:/Program Files/Unity/Hub/Editor/2020.3.19f1/Editor/Data/MonoBleedingEdge/lib/mono/unityjit'
Mono config path = 'C:/Program Files/Unity/Hub/Editor/2020.3.19f1/Editor/Data/MonoBleedingEdge/etc'
Using monoOptions --debugger-agent=transport=dt_socket,embedding=1,server=y,suspend=n,address=127.0.0.1:56724
Begin MonoManager ReloadAssembly
Registering precompiled unity dll's ...
Register platform support module: C:/Program Files/Unity/Hub/Editor/2020.3.19f1/Editor/Data/PlaybackEngines/WebGLSupport/UnityEditor.WebGL.Extensions.dll
Register platform support module: C:/Program Files/Unity/Hub/Editor/2020.3.19f1/Editor/Data/PlaybackEngines/MacStandaloneSupport/UnityEditor.OSXStandalone.Extensions.dll
Register platform support module: C:/Program Files/Unity/Hub/Editor/2020.3.19f1/Editor/Data/PlaybackEngines/WindowsStandaloneSupport/UnityEditor.WindowsStandalone.Extensions.dll
Registered in 0.003131 seconds.
Native extension for WindowsStandalone target not found
Native extension for OSXStandalone target not found
Native extension for WebGL target not found
Refreshing native plugins compatible for Editor in 59.93 ms, found 2 plugins.
Preloading 0 native plugins for Editor in 0.00 ms.
Mono: successfully reloaded assembly
- Completed reload, in  1.191 seconds
Domain Reload Profiling:
	ReloadAssembly (1192ms)
		BeginReloadAssembly (63ms)
			ExecutionOrderSort (0ms)
			DisableScriptedObjects (0ms)
			BackupInstance (0ms)
			ReleaseScriptingObjects (0ms)
			CreateAndSetChildDomain (1ms)
		EndReloadAssembly (436ms)
			LoadAssemblies (61ms)
			RebuildTransferFunctionScriptingTraits (0ms)
			SetupTypeCache (150ms)
			ReleaseScriptCaches (0ms)
			RebuildScriptCaches (31ms)
			SetupLoadedEditorAssemblies (184ms)
				LogAssemblyErrors (0ms)
				InitializePlatformSupportModulesInManaged (6ms)
				SetLoadedEditorAssemblies (0ms)
				RefreshPlugins (60ms)
				BeforeProcessingInitializeOnLoad (8ms)
				ProcessInitializeOnLoadAttributes (79ms)
				ProcessInitializeOnLoadMethodAttributes (31ms)
				AfterProcessingInitializeOnLoad (0ms)
				EditorAssembliesLoaded (0ms)
			ExecutionOrderSort2 (0ms)
			AwakeInstancesAfterBackupRestoration (0ms)
Platform modules already initialized, skipping
Registering precompiled user dll's ...
Registered in 0.004706 seconds.
Begin MonoManager ReloadAssembly
Native extension for WindowsStandalone target not found
Native extension for OSXStandalone target not found
Native extension for WebGL target not found
Refreshing native plugins compatible for Editor in 56.55 ms, found 2 plugins.
Preloading 0 native plugins for Editor in 0.00 ms.
Mono: successfully reloaded assembly
- Completed reload, in  1.194 seconds
Domain Reload Profiling:
	ReloadAssembly (1195ms)
		BeginReloadAssembly (149ms)
			ExecutionOrderSort (0ms)
			DisableScriptedObjects (4ms)
			BackupInstance (0ms)
			ReleaseScriptingObjects (0ms)
			CreateAndSetChildDomain (20ms)
		EndReloadAssembly (985ms)
			LoadAssemblies (99ms)
			RebuildTransferFunctionScriptingTraits (0ms)
			SetupTypeCache (332ms)
			ReleaseScriptCaches (1ms)
			RebuildScriptCaches (59ms)
			SetupLoadedEditorAssemblies (385ms)
				LogAssemblyErrors (0ms)
				InitializePlatformSupportModulesInManaged (6ms)
				SetLoadedEditorAssemblies (0ms)
				RefreshPlugins (57ms)
				BeforeProcessingInitializeOnLoad (82ms)
				ProcessInitializeOnLoadAttributes (229ms)
				ProcessInitializeOnLoadMethodAttributes (5ms)
				AfterProcessingInitializeOnLoad (7ms)
				EditorAssembliesLoaded (0ms)
			ExecutionOrderSort2 (0ms)
			AwakeInstancesAfterBackupRestoration (6ms)
Platform modules already initialized, skipping
========================================================================
Worker process is ready to serve import requests
Launched and connected shader compiler UnityShaderCompiler.exe after 0.05 seconds
Refreshing native plugins compatible for Editor in 0.58 ms, found 2 plugins.
Preloading 0 native plugins for Editor in 0.00 ms.
Unloading 3302 Unused Serialized files (Serialized files now loaded: 0)
System memory in use before: 151.2 MB.
System memory in use after: 151.4 MB.

Unloading 18 unused Assets to reduce memory usage. Loaded Objects now: 3745.
Total: 3.650800 ms (FindLiveObjects: 0.304300 ms CreateObjectMapping: 0.144400 ms MarkObjects: 3.121400 ms  DeleteObjects: 0.079700 ms)

AssetImportParameters requested are different than current active one (requested -> active):
  custom:framework-win-MediaFoundation: 216162199b28c13a410421893ffa2e32 -> 
  custom:video-decoder-ogg-theora: a1e56fd34408186e4bbccfd4996cb3dc -> 
  custom:container-muxer-webm: aa71ff27fc2769a1b78a27578f13a17b -> 
  custom:container-demuxer-webm: 4f35f7cbe854078d1ac9338744f61a02 -> 
  custom:container-demuxer-ogg: 62fdf1f143b41e24485cea50d1cbac27 -> 
  custom:video-encoder-webm-vp8: eb34c28f22e8b96e1ab97ce403110664 -> 
  custom:video-codec-MediaFoundation-h265: 746d11721c4dcdbdad8f713fa42b33f4 -> 
  custom:video-decoder-webm-vp8: 9c59270c3fd7afecdb556c50c9e8de78 -> 
  custom:audio-decoder-ogg-vorbis: bf7c407c2cedff20999df2af8eb42d56 -> 
  custom:audio-encoder-webm-vorbis: bf7c407c2cedff20999df2af8eb42d56 -> 
========================================================================
Received Import Request.
  path: Assets/Scenes/Game6_level_prototype
  artifactKey: Guid(715804e6a814b174a9681636e0442192) Importer(815301076,1909f56bfc062723c751e8b465ee728b)
Start importing Assets/Scenes/Game6_level_prototype using Guid(715804e6a814b174a9681636e0442192) Importer(815301076,1909f56bfc062723c751e8b465ee728b)  -> (artifact id: '2145248cb7e8db80e08ed4b11eae1302') in 0.007089 seconds 
  Import took 0.011736 seconds .

========================================================================
Received Import Request.
  Time since last request: 11.616779 seconds.
  path: Assets/Scenes/Room design/Room_test.unity
  artifactKey: Guid(5dd03a9bc6e8b3c4fa6ca4352b46ccf2) Importer(815301076,1909f56bfc062723c751e8b465ee728b)
Start importing Assets/Scenes/Room design/Room_test.unity using Guid(5dd03a9bc6e8b3c4fa6ca4352b46ccf2) Importer(815301076,1909f56bfc062723c751e8b465ee728b)  -> (artifact id: '968401b1656f5d6c8e9479cd5eb717fa') in 0.010112 seconds 
  Import took 0.015693 seconds .

========================================================================
Received Import Request.
  Time since last request: 519.532812 seconds.
  path: Assets/Scenes/Game6_level_prototype.unity
  artifactKey: Guid(b1511f53cc8ec1640884dfdf3f554d06) Importer(815301076,1909f56bfc062723c751e8b465ee728b)
Start importing Assets/Scenes/Game6_level_prototype.unity using Guid(b1511f53cc8ec1640884dfdf3f554d06) Importer(815301076,1909f56bfc062723c751e8b465ee728b)  -> (artifact id: 'd19709b35a80409489befa30ec7697f1') in 0.002403 seconds 
  Import took 0.008992 seconds .

========================================================================
Received Import Request.
  Time since last request: 14.674889 seconds.
  path: Assets/Scenes/Prefab
  artifactKey: Guid(5e39e0fd9d44ef64897fb36a565e94da) Importer(815301076,1909f56bfc062723c751e8b465ee728b)
Start importing Assets/Scenes/Prefab using Guid(5e39e0fd9d44ef64897fb36a565e94da) Importer(815301076,1909f56bfc062723c751e8b465ee728b)  -> (artifact id: '5f1988495c8942124ab688f07bcd20cf') in 0.001869 seconds 
  Import took 0.007062 seconds .

========================================================================
Received Import Request.
  Time since last request: 5.522944 seconds.
  path: Assets/Scenes/Prefab/Player.prefab
  artifactKey: Guid(19aa113c2e25e4347b57f36b68a764a2) Importer(815301076,1909f56bfc062723c751e8b465ee728b)
Start importing Assets/Scenes/Prefab/Player.prefab using Guid(19aa113c2e25e4347b57f36b68a764a2) Importer(815301076,1909f56bfc062723c751e8b465ee728b)  -> (artifact id: '1301112582ba38e7788d6352d2b9a26c') in 0.216187 seconds 
  Import took 0.221745 seconds .

========================================================================
Received Import Request.
  Time since last request: 5.656705 seconds.
  path: Assets/Scenes/Room design/Room_test.unity
  artifactKey: Guid(5dd03a9bc6e8b3c4fa6ca4352b46ccf2) Importer(815301076,1909f56bfc062723c751e8b465ee728b)
Start importing Assets/Scenes/Room design/Room_test.unity using Guid(5dd03a9bc6e8b3c4fa6ca4352b46ccf2) Importer(815301076,1909f56bfc062723c751e8b465ee728b)  -> (artifact id: 'd96e76e88d6d2e39c7835b5a0d1bec5e') in 0.001852 seconds 
  Import took 0.007357 seconds .

AssetImportWorkerClient::OnTransportError - code=2 error=End of file
